<!DOCTYPE html PUBLIC "-//W3C//DTD XHTML 1.1//EN" "http://www.w3.org/TR/xhtml11/DTD/xhtml11.dtd">
<html xmlns="http://www.w3.org/1999/xhtml"><head><title>TestNG Report</title><style type="text/css">table {margin-bottom:10px;border-collapse:collapse;empty-cells:show}th,td {border:1px solid #009;padding:.25em .5em}th {vertical-align:bottom}td {vertical-align:top}table a {font-weight:bold}.stripe td {background-color: #E6EBF9}.num {text-align:right}.passedodd td {background-color: #3F3}.passedeven td {background-color: #0A0}.skippedodd td {background-color: #DDD}.skippedeven td {background-color: #CCC}.failedodd td,.attn {background-color: #F33}.failedeven td,.stripe .attn {background-color: #D00}.stacktrace {white-space:pre;font-family:monospace}.totop {font-size:85%;text-align:center;border-bottom:2px solid #000}</style></head><body><table><tr><th>Test</th><th># Passed</th><th># Skipped</th><th># Failed</th><th>Time (ms)</th><th>Included Groups</th><th>Excluded Groups</th></tr><tr><th colspan="7">Default suite</th></tr><tr><td><a href="#t0">Default test</a></td><td class="num">22</td><td class="num">0</td><td class="num attn">12</td><td class="num">25,461</td><td></td><td></td></tr></table><table><thead><tr><th>Class</th><th>Method</th><th>Start</th><th>Time (ms)</th></tr></thead><tbody><tr><th colspan="4">Default suite</th></tr></tbody><tbody id="t0"><tr><th colspan="4">Default test &#8212; failed</th></tr><tr class="failedeven"><td rowspan="12">twc.Regression.TestCases.regressionTestCases</td><td><a href="#m0">Verify_AQ_Details_ad_call_amazon_bid_id</a></td><td rowspan="1">1641482718399</td><td rowspan="1">842</td></tr><tr class="failedeven"><td><a href="#m1">Verify_Daily_Details_ad_call_amazon_bid_id</a></td><td rowspan="1">1641482724985</td><td rowspan="1">967</td></tr><tr class="failedeven"><td><a href="#m2">Verify_Feed3_ad_call_amazon_bid_id</a></td><td rowspan="1">1641482713618</td><td rowspan="1">1009</td></tr><tr class="failedeven"><td><a href="#m3">Verify_Feed4_ad_call_amazon_bid_id</a></td><td rowspan="1">1641482714631</td><td rowspan="1">1101</td></tr><tr class="failedeven"><td><a href="#m4">Verify_Feed5_ad_call_amazon_bid_id</a></td><td rowspan="1">1641482715733</td><td rowspan="1">887</td></tr><tr class="failedeven"><td><a href="#m5">Verify_Health_BoatAndBeach_Details_ad_call_amazon_bid_id</a></td><td rowspan="1">1641482719242</td><td rowspan="1">909</td></tr><tr class="failedeven"><td><a href="#m6">Verify_Health_Running_Details_ad_call_amazon_bid_id</a></td><td rowspan="1">1641482720153</td><td rowspan="1">856</td></tr><tr class="failedeven"><td><a href="#m7">Verify_Hourly1_Details_ad_call_amazon_bid_id</a></td><td rowspan="1">1641482722187</td><td rowspan="1">1073</td></tr><tr class="failedeven"><td><a href="#m8">Verify_Hourly2_Details_ad_call_amazon_bid_id</a></td><td rowspan="1">1641482723260</td><td rowspan="1">837</td></tr><tr class="failedeven"><td><a href="#m9">Verify_Hourly3_Details_ad_call_amazon_bid_id</a></td><td rowspan="1">1641482724098</td><td rowspan="1">886</td></tr><tr class="failedeven"><td><a href="#m10">Verify_Today_Details_ad_call_amazon_bid_id</a></td><td rowspan="1">1641482717502</td><td rowspan="1">896</td></tr><tr class="failedeven"><td><a href="#m11">Verify_amazon_aax_SeasonalHub_details_adcall</a></td><td rowspan="1">1641482721010</td><td rowspan="1">1176</td></tr><tr><th colspan="4">Default test &#8212; passed</th></tr><tr class="passedeven"><td rowspan="22">twc.Regression.TestCases.regressionTestCases</td><td><a href="#m12">Smoke_Test_Verify_amazon_SlotId_Running_Bigbanner_ad</a></td><td rowspan="1">1641482707900</td><td rowspan="1">714</td></tr><tr class="passedeven"><td><a href="#m13">Smoke_Test_amazon_aaxSlot_feed3_adcall</a></td><td rowspan="1">1641482705109</td><td rowspan="1">451</td></tr><tr class="passedeven"><td><a href="#m14">Smoke_Test_amazon_aax_Airquality_deatailcard</a></td><td rowspan="1">1641482707410</td><td rowspan="1">489</td></tr><tr class="passedeven"><td><a href="#m15">Smoke_Test_amazon_aax_Daily_details_Day1_adcall</a></td><td rowspan="1">1641482711535</td><td rowspan="1">336</td></tr><tr class="passedeven"><td><a href="#m16">Smoke_Test_amazon_aax_today_deatailcard</a></td><td rowspan="1">1641482707039</td><td rowspan="1">370</td></tr><tr class="passedeven"><td><a href="#m17">Validate_Amazon_SDK_adsdk_parameter</a></td><td rowspan="1">1641482700555</td><td rowspan="1">3277</td></tr><tr class="passedeven"><td><a href="#m18">Verify_AlertCenter_ad_call_amazon_bid_id</a></td><td rowspan="1">1641482710690</td><td rowspan="1">845</td></tr><tr class="passedeven"><td><a href="#m19">Verify_Feed1_ad_call_amazon_bid_id</a></td><td rowspan="1">1641482711872</td><td rowspan="1">856</td></tr><tr class="passedeven"><td><a href="#m20">Verify_Feed2_ad_call_amazon_bid_id</a></td><td rowspan="1">1641482712729</td><td rowspan="1">889</td></tr><tr class="passedeven"><td><a href="#m21">Verify_Map_Details_ad_call_amazon_bid_id</a></td><td rowspan="1">1641482716621</td><td rowspan="1">880</td></tr><tr class="passedeven"><td><a href="#m22">Verify_amazon_SlotId_Boat_Beach_Bigbanner_ad</a></td><td rowspan="1">1641482708615</td><td rowspan="1">359</td></tr><tr class="passedeven"><td><a href="#m23">Verify_amazon_SlotId_outdoor_details</a></td><td rowspan="1">1641482708975</td><td rowspan="1">365</td></tr><tr class="passedeven"><td><a href="#m24">Verify_amazon_aaxSlot_feed1_adCall</a></td><td rowspan="1">1641482704449</td><td rowspan="1">329</td></tr><tr class="passedeven"><td><a href="#m25">Verify_amazon_aaxSlot_feed2_adcall</a></td><td rowspan="1">1641482704779</td><td rowspan="1">329</td></tr><tr class="passedeven"><td><a href="#m26">Verify_amazon_aaxSlot_feed4_adcall</a></td><td rowspan="1">1641482705561</td><td rowspan="1">376</td></tr><tr class="passedeven"><td><a href="#m27">Verify_amazon_aaxSlot_feed5_adcall</a></td><td rowspan="1">1641482705938</td><td rowspan="1">373</td></tr><tr class="passedeven"><td><a href="#m28">Verify_amazon_aax_mapsdetails_adcall</a></td><td rowspan="1">1641482706311</td><td rowspan="1">727</td></tr><tr class="passedeven"><td><a href="#m29">Verify_amazon_aax_preload_Hourly1_details_adcall</a></td><td rowspan="1">1641482709700</td><td rowspan="1">330</td></tr><tr class="passedeven"><td><a href="#m30">Verify_amazon_aax_preload_Hourly2_details_adcall</a></td><td rowspan="1">1641482710031</td><td rowspan="1">317</td></tr><tr class="passedeven"><td><a href="#m31">Verify_amazon_aax_preload_Hourly3_details_adcall</a></td><td rowspan="1">1641482710348</td><td rowspan="1">341</td></tr><tr class="passedeven"><td><a href="#m32">Verify_amazon_aax_preload_Hourly_details_adcall</a></td><td rowspan="1">1641482709341</td><td rowspan="1">358</td></tr><tr class="passedeven"><td><a href="#m33">Verifying_amazon_slotId_for_AlertsCenter</a></td><td rowspan="1">1641482703838</td><td rowspan="1">610</td></tr></tbody></table><h2>Default test</h2><h3 id="m0">twc.Regression.TestCases.regressionTestCases#Verify_AQ_Details_ad_call_amazon_bid_id</h3><table class="result"><tr><th>Exception</th></tr><tr><td><div class="stacktrace">java.lang.AssertionError: Ad Call :iu=%2F7646%2Fapp_android_us%2Fdb_display%2Fcontent%2Faq not contains the Custom Parameter: amzn_b, hence Custom Parameter: amzn_b validation failed
	at org.testng.Assert.fail(Assert.java:94)
	at twc.Regression.General.Functions.validate_aax_bid_value_with_gampad_bid_value(Functions.java:5538)
	at twc.Regression.TestCases.regressionTestCases.Verify_AQ_Details_ad_call_amazon_bid_id(regressionTestCases.java:348)
	at sun.reflect.NativeMethodAccessorImpl.invoke0(Native Method)
	at sun.reflect.NativeMethodAccessorImpl.invoke(NativeMethodAccessorImpl.java:62)
	at sun.reflect.DelegatingMethodAccessorImpl.invoke(DelegatingMethodAccessorImpl.java:43)
	at java.lang.reflect.Method.invoke(Method.java:498)
	at org.testng.internal.MethodInvocationHelper.invokeMethod(MethodInvocationHelper.java:85)
	at org.testng.internal.Invoker.invokeMethod(Invoker.java:659)
	at org.testng.internal.Invoker.invokeTestMethod(Invoker.java:845)
	at org.testng.internal.Invoker.invokeTestMethods(Invoker.java:1153)
	at org.testng.internal.TestMethodWorker.invokeTestMethods(TestMethodWorker.java:125)
	at org.testng.internal.TestMethodWorker.run(TestMethodWorker.java:108)
	at org.testng.TestRunner.privateRun(TestRunner.java:771)
	at org.testng.TestRunner.run(TestRunner.java:621)
	at org.testng.SuiteRunner.runTest(SuiteRunner.java:357)
	at org.testng.SuiteRunner.runSequentially(SuiteRunner.java:352)
	at org.testng.SuiteRunner.privateRun(SuiteRunner.java:310)
	at org.testng.SuiteRunner.run(SuiteRunner.java:259)
	at org.testng.SuiteRunnerWorker.runSuite(SuiteRunnerWorker.java:52)
	at org.testng.SuiteRunnerWorker.run(SuiteRunnerWorker.java:86)
	at org.testng.TestNG.runSuitesSequentially(TestNG.java:1199)
	at org.testng.TestNG.runSuitesLocally(TestNG.java:1124)
	at org.testng.TestNG.run(TestNG.java:1032)
	at org.testng.remote.AbstractRemoteTestNG.run(AbstractRemoteTestNG.java:115)
	at org.testng.remote.RemoteTestNG.initAndRun(RemoteTestNG.java:251)
	at org.testng.remote.RemoteTestNG.main(RemoteTestNG.java:77)
</div></td></tr></table><p class="totop"><a href="#summary">back to summary</a></p><h3 id="m1">twc.Regression.TestCases.regressionTestCases#Verify_Daily_Details_ad_call_amazon_bid_id</h3><table class="result"><tr><th>Exception</th></tr><tr><td><div class="stacktrace">java.lang.AssertionError: Ad Call :iu=%2F7646%2Fapp_android_us%2Fdb_display%2Fdetails%2F10day_ not found in charles session, hence Custom Parameter: amzn_b validation failed
	at org.testng.Assert.fail(Assert.java:94)
	at twc.Regression.General.Functions.validate_aax_bid_value_with_gampad_bid_value(Functions.java:5531)
	at twc.Regression.TestCases.regressionTestCases.Verify_Daily_Details_ad_call_amazon_bid_id(regressionTestCases.java:429)
	at sun.reflect.NativeMethodAccessorImpl.invoke0(Native Method)
	at sun.reflect.NativeMethodAccessorImpl.invoke(NativeMethodAccessorImpl.java:62)
	at sun.reflect.DelegatingMethodAccessorImpl.invoke(DelegatingMethodAccessorImpl.java:43)
	at java.lang.reflect.Method.invoke(Method.java:498)
	at org.testng.internal.MethodInvocationHelper.invokeMethod(MethodInvocationHelper.java:85)
	at org.testng.internal.Invoker.invokeMethod(Invoker.java:659)
	at org.testng.internal.Invoker.invokeTestMethod(Invoker.java:845)
	at org.testng.internal.Invoker.invokeTestMethods(Invoker.java:1153)
	at org.testng.internal.TestMethodWorker.invokeTestMethods(TestMethodWorker.java:125)
	at org.testng.internal.TestMethodWorker.run(TestMethodWorker.java:108)
	at org.testng.TestRunner.privateRun(TestRunner.java:771)
	at org.testng.TestRunner.run(TestRunner.java:621)
	at org.testng.SuiteRunner.runTest(SuiteRunner.java:357)
	at org.testng.SuiteRunner.runSequentially(SuiteRunner.java:352)
	at org.testng.SuiteRunner.privateRun(SuiteRunner.java:310)
	at org.testng.SuiteRunner.run(SuiteRunner.java:259)
	at org.testng.SuiteRunnerWorker.runSuite(SuiteRunnerWorker.java:52)
	at org.testng.SuiteRunnerWorker.run(SuiteRunnerWorker.java:86)
	at org.testng.TestNG.runSuitesSequentially(TestNG.java:1199)
	at org.testng.TestNG.runSuitesLocally(TestNG.java:1124)
	at org.testng.TestNG.run(TestNG.java:1032)
	at org.testng.remote.AbstractRemoteTestNG.run(AbstractRemoteTestNG.java:115)
	at org.testng.remote.RemoteTestNG.initAndRun(RemoteTestNG.java:251)
	at org.testng.remote.RemoteTestNG.main(RemoteTestNG.java:77)
</div></td></tr></table><p class="totop"><a href="#summary">back to summary</a></p><h3 id="m2">twc.Regression.TestCases.regressionTestCases#Verify_Feed3_ad_call_amazon_bid_id</h3><table class="result"><tr><th>Exception</th></tr><tr><td><div class="stacktrace">java.lang.AssertionError: Ad Call :iu=%2F7646%2Fapp_android_us%2Fdb_display%2Ffeed%2Ffeed_3 not contains the Custom Parameter: amzn_b, hence Custom Parameter: amzn_b validation failed
	at org.testng.Assert.fail(Assert.java:94)
	at twc.Regression.General.Functions.validate_aax_bid_value_with_gampad_bid_value(Functions.java:5538)
	at twc.Regression.TestCases.regressionTestCases.Verify_Feed3_ad_call_amazon_bid_id(regressionTestCases.java:294)
	at sun.reflect.NativeMethodAccessorImpl.invoke0(Native Method)
	at sun.reflect.NativeMethodAccessorImpl.invoke(NativeMethodAccessorImpl.java:62)
	at sun.reflect.DelegatingMethodAccessorImpl.invoke(DelegatingMethodAccessorImpl.java:43)
	at java.lang.reflect.Method.invoke(Method.java:498)
	at org.testng.internal.MethodInvocationHelper.invokeMethod(MethodInvocationHelper.java:85)
	at org.testng.internal.Invoker.invokeMethod(Invoker.java:659)
	at org.testng.internal.Invoker.invokeTestMethod(Invoker.java:845)
	at org.testng.internal.Invoker.invokeTestMethods(Invoker.java:1153)
	at org.testng.internal.TestMethodWorker.invokeTestMethods(TestMethodWorker.java:125)
	at org.testng.internal.TestMethodWorker.run(TestMethodWorker.java:108)
	at org.testng.TestRunner.privateRun(TestRunner.java:771)
	at org.testng.TestRunner.run(TestRunner.java:621)
	at org.testng.SuiteRunner.runTest(SuiteRunner.java:357)
	at org.testng.SuiteRunner.runSequentially(SuiteRunner.java:352)
	at org.testng.SuiteRunner.privateRun(SuiteRunner.java:310)
	at org.testng.SuiteRunner.run(SuiteRunner.java:259)
	at org.testng.SuiteRunnerWorker.runSuite(SuiteRunnerWorker.java:52)
	at org.testng.SuiteRunnerWorker.run(SuiteRunnerWorker.java:86)
	at org.testng.TestNG.runSuitesSequentially(TestNG.java:1199)
	at org.testng.TestNG.runSuitesLocally(TestNG.java:1124)
	at org.testng.TestNG.run(TestNG.java:1032)
	at org.testng.remote.AbstractRemoteTestNG.run(AbstractRemoteTestNG.java:115)
	at org.testng.remote.RemoteTestNG.initAndRun(RemoteTestNG.java:251)
	at org.testng.remote.RemoteTestNG.main(RemoteTestNG.java:77)
</div></td></tr></table><p class="totop"><a href="#summary">back to summary</a></p><h3 id="m3">twc.Regression.TestCases.regressionTestCases#Verify_Feed4_ad_call_amazon_bid_id</h3><table class="result"><tr><th>Exception</th></tr><tr><td><div class="stacktrace">java.lang.AssertionError: Ad Call :iu=%2F7646%2Fapp_android_us%2Fdb_display%2Ffeed%2Ffeed_4 not contains the Custom Parameter: amzn_b, hence Custom Parameter: amzn_b validation failed
	at org.testng.Assert.fail(Assert.java:94)
	at twc.Regression.General.Functions.validate_aax_bid_value_with_gampad_bid_value(Functions.java:5538)
	at twc.Regression.TestCases.regressionTestCases.Verify_Feed4_ad_call_amazon_bid_id(regressionTestCases.java:305)
	at sun.reflect.NativeMethodAccessorImpl.invoke0(Native Method)
	at sun.reflect.NativeMethodAccessorImpl.invoke(NativeMethodAccessorImpl.java:62)
	at sun.reflect.DelegatingMethodAccessorImpl.invoke(DelegatingMethodAccessorImpl.java:43)
	at java.lang.reflect.Method.invoke(Method.java:498)
	at org.testng.internal.MethodInvocationHelper.invokeMethod(MethodInvocationHelper.java:85)
	at org.testng.internal.Invoker.invokeMethod(Invoker.java:659)
	at org.testng.internal.Invoker.invokeTestMethod(Invoker.java:845)
	at org.testng.internal.Invoker.invokeTestMethods(Invoker.java:1153)
	at org.testng.internal.TestMethodWorker.invokeTestMethods(TestMethodWorker.java:125)
	at org.testng.internal.TestMethodWorker.run(TestMethodWorker.java:108)
	at org.testng.TestRunner.privateRun(TestRunner.java:771)
	at org.testng.TestRunner.run(TestRunner.java:621)
	at org.testng.SuiteRunner.runTest(SuiteRunner.java:357)
	at org.testng.SuiteRunner.runSequentially(SuiteRunner.java:352)
	at org.testng.SuiteRunner.privateRun(SuiteRunner.java:310)
	at org.testng.SuiteRunner.run(SuiteRunner.java:259)
	at org.testng.SuiteRunnerWorker.runSuite(SuiteRunnerWorker.java:52)
	at org.testng.SuiteRunnerWorker.run(SuiteRunnerWorker.java:86)
	at org.testng.TestNG.runSuitesSequentially(TestNG.java:1199)
	at org.testng.TestNG.runSuitesLocally(TestNG.java:1124)
	at org.testng.TestNG.run(TestNG.java:1032)
	at org.testng.remote.AbstractRemoteTestNG.run(AbstractRemoteTestNG.java:115)
	at org.testng.remote.RemoteTestNG.initAndRun(RemoteTestNG.java:251)
	at org.testng.remote.RemoteTestNG.main(RemoteTestNG.java:77)
</div></td></tr></table><p class="totop"><a href="#summary">back to summary</a></p><h3 id="m4">twc.Regression.TestCases.regressionTestCases#Verify_Feed5_ad_call_amazon_bid_id</h3><table class="result"><tr><th>Exception</th></tr><tr><td><div class="stacktrace">java.lang.AssertionError: Ad Call :iu=%2F7646%2Fapp_android_us%2Fdb_display%2Ffeed%2Ffeed_5 not contains the Custom Parameter: amzn_b, hence Custom Parameter: amzn_b validation failed
	at org.testng.Assert.fail(Assert.java:94)
	at twc.Regression.General.Functions.validate_aax_bid_value_with_gampad_bid_value(Functions.java:5538)
	at twc.Regression.TestCases.regressionTestCases.Verify_Feed5_ad_call_amazon_bid_id(regressionTestCases.java:316)
	at sun.reflect.NativeMethodAccessorImpl.invoke0(Native Method)
	at sun.reflect.NativeMethodAccessorImpl.invoke(NativeMethodAccessorImpl.java:62)
	at sun.reflect.DelegatingMethodAccessorImpl.invoke(DelegatingMethodAccessorImpl.java:43)
	at java.lang.reflect.Method.invoke(Method.java:498)
	at org.testng.internal.MethodInvocationHelper.invokeMethod(MethodInvocationHelper.java:85)
	at org.testng.internal.Invoker.invokeMethod(Invoker.java:659)
	at org.testng.internal.Invoker.invokeTestMethod(Invoker.java:845)
	at org.testng.internal.Invoker.invokeTestMethods(Invoker.java:1153)
	at org.testng.internal.TestMethodWorker.invokeTestMethods(TestMethodWorker.java:125)
	at org.testng.internal.TestMethodWorker.run(TestMethodWorker.java:108)
	at org.testng.TestRunner.privateRun(TestRunner.java:771)
	at org.testng.TestRunner.run(TestRunner.java:621)
	at org.testng.SuiteRunner.runTest(SuiteRunner.java:357)
	at org.testng.SuiteRunner.runSequentially(SuiteRunner.java:352)
	at org.testng.SuiteRunner.privateRun(SuiteRunner.java:310)
	at org.testng.SuiteRunner.run(SuiteRunner.java:259)
	at org.testng.SuiteRunnerWorker.runSuite(SuiteRunnerWorker.java:52)
	at org.testng.SuiteRunnerWorker.run(SuiteRunnerWorker.java:86)
	at org.testng.TestNG.runSuitesSequentially(TestNG.java:1199)
	at org.testng.TestNG.runSuitesLocally(TestNG.java:1124)
	at org.testng.TestNG.run(TestNG.java:1032)
	at org.testng.remote.AbstractRemoteTestNG.run(AbstractRemoteTestNG.java:115)
	at org.testng.remote.RemoteTestNG.initAndRun(RemoteTestNG.java:251)
	at org.testng.remote.RemoteTestNG.main(RemoteTestNG.java:77)
</div></td></tr></table><p class="totop"><a href="#summary">back to summary</a></p><h3 id="m5">twc.Regression.TestCases.regressionTestCases#Verify_Health_BoatAndBeach_Details_ad_call_amazon_bid_id</h3><table class="result"><tr><th>Exception</th></tr><tr><td><div class="stacktrace">java.lang.AssertionError: Ad Call :iu=%2F7646%2Fapp_android_us%2Fdb_display%2Fcontent%2Fboat_beach not contains the Custom Parameter: amzn_b, hence Custom Parameter: amzn_b validation failed
	at org.testng.Assert.fail(Assert.java:94)
	at twc.Regression.General.Functions.validate_aax_bid_value_with_gampad_bid_value(Functions.java:5538)
	at twc.Regression.TestCases.regressionTestCases.Verify_Health_BoatAndBeach_Details_ad_call_amazon_bid_id(regressionTestCases.java:360)
	at sun.reflect.NativeMethodAccessorImpl.invoke0(Native Method)
	at sun.reflect.NativeMethodAccessorImpl.invoke(NativeMethodAccessorImpl.java:62)
	at sun.reflect.DelegatingMethodAccessorImpl.invoke(DelegatingMethodAccessorImpl.java:43)
	at java.lang.reflect.Method.invoke(Method.java:498)
	at org.testng.internal.MethodInvocationHelper.invokeMethod(MethodInvocationHelper.java:85)
	at org.testng.internal.Invoker.invokeMethod(Invoker.java:659)
	at org.testng.internal.Invoker.invokeTestMethod(Invoker.java:845)
	at org.testng.internal.Invoker.invokeTestMethods(Invoker.java:1153)
	at org.testng.internal.TestMethodWorker.invokeTestMethods(TestMethodWorker.java:125)
	at org.testng.internal.TestMethodWorker.run(TestMethodWorker.java:108)
	at org.testng.TestRunner.privateRun(TestRunner.java:771)
	at org.testng.TestRunner.run(TestRunner.java:621)
	at org.testng.SuiteRunner.runTest(SuiteRunner.java:357)
	at org.testng.SuiteRunner.runSequentially(SuiteRunner.java:352)
	at org.testng.SuiteRunner.privateRun(SuiteRunner.java:310)
	at org.testng.SuiteRunner.run(SuiteRunner.java:259)
	at org.testng.SuiteRunnerWorker.runSuite(SuiteRunnerWorker.java:52)
	at org.testng.SuiteRunnerWorker.run(SuiteRunnerWorker.java:86)
	at org.testng.TestNG.runSuitesSequentially(TestNG.java:1199)
	at org.testng.TestNG.runSuitesLocally(TestNG.java:1124)
	at org.testng.TestNG.run(TestNG.java:1032)
	at org.testng.remote.AbstractRemoteTestNG.run(AbstractRemoteTestNG.java:115)
	at org.testng.remote.RemoteTestNG.initAndRun(RemoteTestNG.java:251)
	at org.testng.remote.RemoteTestNG.main(RemoteTestNG.java:77)
</div></td></tr></table><p class="totop"><a href="#summary">back to summary</a></p><h3 id="m6">twc.Regression.TestCases.regressionTestCases#Verify_Health_Running_Details_ad_call_amazon_bid_id</h3><table class="result"><tr><th>Exception</th></tr><tr><td><div class="stacktrace">java.lang.AssertionError: Ad Call :iu=%2F7646%2Fapp_android_us%2Fdb_display%2Fcontent%2Frunning not contains the Custom Parameter: amzn_b, hence Custom Parameter: amzn_b validation failed
	at org.testng.Assert.fail(Assert.java:94)
	at twc.Regression.General.Functions.validate_aax_bid_value_with_gampad_bid_value(Functions.java:5538)
	at twc.Regression.TestCases.regressionTestCases.Verify_Health_Running_Details_ad_call_amazon_bid_id(regressionTestCases.java:372)
	at sun.reflect.NativeMethodAccessorImpl.invoke0(Native Method)
	at sun.reflect.NativeMethodAccessorImpl.invoke(NativeMethodAccessorImpl.java:62)
	at sun.reflect.DelegatingMethodAccessorImpl.invoke(DelegatingMethodAccessorImpl.java:43)
	at java.lang.reflect.Method.invoke(Method.java:498)
	at org.testng.internal.MethodInvocationHelper.invokeMethod(MethodInvocationHelper.java:85)
	at org.testng.internal.Invoker.invokeMethod(Invoker.java:659)
	at org.testng.internal.Invoker.invokeTestMethod(Invoker.java:845)
	at org.testng.internal.Invoker.invokeTestMethods(Invoker.java:1153)
	at org.testng.internal.TestMethodWorker.invokeTestMethods(TestMethodWorker.java:125)
	at org.testng.internal.TestMethodWorker.run(TestMethodWorker.java:108)
	at org.testng.TestRunner.privateRun(TestRunner.java:771)
	at org.testng.TestRunner.run(TestRunner.java:621)
	at org.testng.SuiteRunner.runTest(SuiteRunner.java:357)
	at org.testng.SuiteRunner.runSequentially(SuiteRunner.java:352)
	at org.testng.SuiteRunner.privateRun(SuiteRunner.java:310)
	at org.testng.SuiteRunner.run(SuiteRunner.java:259)
	at org.testng.SuiteRunnerWorker.runSuite(SuiteRunnerWorker.java:52)
	at org.testng.SuiteRunnerWorker.run(SuiteRunnerWorker.java:86)
	at org.testng.TestNG.runSuitesSequentially(TestNG.java:1199)
	at org.testng.TestNG.runSuitesLocally(TestNG.java:1124)
	at org.testng.TestNG.run(TestNG.java:1032)
	at org.testng.remote.AbstractRemoteTestNG.run(AbstractRemoteTestNG.java:115)
	at org.testng.remote.RemoteTestNG.initAndRun(RemoteTestNG.java:251)
	at org.testng.remote.RemoteTestNG.main(RemoteTestNG.java:77)
</div></td></tr></table><p class="totop"><a href="#summary">back to summary</a></p><h3 id="m7">twc.Regression.TestCases.regressionTestCases#Verify_Hourly1_Details_ad_call_amazon_bid_id</h3><table class="result"><tr><th>Exception</th></tr><tr><td><div class="stacktrace">java.lang.AssertionError: Ad Call :iu=%2F7646%2Fapp_android_us%2Fdb_display%2Fdetails%2Fhourly1 not found in charles session, hence Custom Parameter: amzn_b validation failed
	at org.testng.Assert.fail(Assert.java:94)
	at twc.Regression.General.Functions.validate_aax_bid_value_with_gampad_bid_value(Functions.java:5531)
	at twc.Regression.TestCases.regressionTestCases.Verify_Hourly1_Details_ad_call_amazon_bid_id(regressionTestCases.java:394)
	at sun.reflect.NativeMethodAccessorImpl.invoke0(Native Method)
	at sun.reflect.NativeMethodAccessorImpl.invoke(NativeMethodAccessorImpl.java:62)
	at sun.reflect.DelegatingMethodAccessorImpl.invoke(DelegatingMethodAccessorImpl.java:43)
	at java.lang.reflect.Method.invoke(Method.java:498)
	at org.testng.internal.MethodInvocationHelper.invokeMethod(MethodInvocationHelper.java:85)
	at org.testng.internal.Invoker.invokeMethod(Invoker.java:659)
	at org.testng.internal.Invoker.invokeTestMethod(Invoker.java:845)
	at org.testng.internal.Invoker.invokeTestMethods(Invoker.java:1153)
	at org.testng.internal.TestMethodWorker.invokeTestMethods(TestMethodWorker.java:125)
	at org.testng.internal.TestMethodWorker.run(TestMethodWorker.java:108)
	at org.testng.TestRunner.privateRun(TestRunner.java:771)
	at org.testng.TestRunner.run(TestRunner.java:621)
	at org.testng.SuiteRunner.runTest(SuiteRunner.java:357)
	at org.testng.SuiteRunner.runSequentially(SuiteRunner.java:352)
	at org.testng.SuiteRunner.privateRun(SuiteRunner.java:310)
	at org.testng.SuiteRunner.run(SuiteRunner.java:259)
	at org.testng.SuiteRunnerWorker.runSuite(SuiteRunnerWorker.java:52)
	at org.testng.SuiteRunnerWorker.run(SuiteRunnerWorker.java:86)
	at org.testng.TestNG.runSuitesSequentially(TestNG.java:1199)
	at org.testng.TestNG.runSuitesLocally(TestNG.java:1124)
	at org.testng.TestNG.run(TestNG.java:1032)
	at org.testng.remote.AbstractRemoteTestNG.run(AbstractRemoteTestNG.java:115)
	at org.testng.remote.RemoteTestNG.initAndRun(RemoteTestNG.java:251)
	at org.testng.remote.RemoteTestNG.main(RemoteTestNG.java:77)
</div></td></tr></table><p class="totop"><a href="#summary">back to summary</a></p><h3 id="m8">twc.Regression.TestCases.regressionTestCases#Verify_Hourly2_Details_ad_call_amazon_bid_id</h3><table class="result"><tr><th>Exception</th></tr><tr><td><div class="stacktrace">java.lang.AssertionError: Ad Call :iu=%2F7646%2Fapp_android_us%2Fdb_display%2Fdetails%2Fhourly2 not found in charles session, hence Custom Parameter: amzn_b validation failed
	at org.testng.Assert.fail(Assert.java:94)
	at twc.Regression.General.Functions.validate_aax_bid_value_with_gampad_bid_value(Functions.java:5531)
	at twc.Regression.TestCases.regressionTestCases.Verify_Hourly2_Details_ad_call_amazon_bid_id(regressionTestCases.java:406)
	at sun.reflect.NativeMethodAccessorImpl.invoke0(Native Method)
	at sun.reflect.NativeMethodAccessorImpl.invoke(NativeMethodAccessorImpl.java:62)
	at sun.reflect.DelegatingMethodAccessorImpl.invoke(DelegatingMethodAccessorImpl.java:43)
	at java.lang.reflect.Method.invoke(Method.java:498)
	at org.testng.internal.MethodInvocationHelper.invokeMethod(MethodInvocationHelper.java:85)
	at org.testng.internal.Invoker.invokeMethod(Invoker.java:659)
	at org.testng.internal.Invoker.invokeTestMethod(Invoker.java:845)
	at org.testng.internal.Invoker.invokeTestMethods(Invoker.java:1153)
	at org.testng.internal.TestMethodWorker.invokeTestMethods(TestMethodWorker.java:125)
	at org.testng.internal.TestMethodWorker.run(TestMethodWorker.java:108)
	at org.testng.TestRunner.privateRun(TestRunner.java:771)
	at org.testng.TestRunner.run(TestRunner.java:621)
	at org.testng.SuiteRunner.runTest(SuiteRunner.java:357)
	at org.testng.SuiteRunner.runSequentially(SuiteRunner.java:352)
	at org.testng.SuiteRunner.privateRun(SuiteRunner.java:310)
	at org.testng.SuiteRunner.run(SuiteRunner.java:259)
	at org.testng.SuiteRunnerWorker.runSuite(SuiteRunnerWorker.java:52)
	at org.testng.SuiteRunnerWorker.run(SuiteRunnerWorker.java:86)
	at org.testng.TestNG.runSuitesSequentially(TestNG.java:1199)
	at org.testng.TestNG.runSuitesLocally(TestNG.java:1124)
	at org.testng.TestNG.run(TestNG.java:1032)
	at org.testng.remote.AbstractRemoteTestNG.run(AbstractRemoteTestNG.java:115)
	at org.testng.remote.RemoteTestNG.initAndRun(RemoteTestNG.java:251)
	at org.testng.remote.RemoteTestNG.main(RemoteTestNG.java:77)
</div></td></tr></table><p class="totop"><a href="#summary">back to summary</a></p><h3 id="m9">twc.Regression.TestCases.regressionTestCases#Verify_Hourly3_Details_ad_call_amazon_bid_id</h3><table class="result"><tr><th>Exception</th></tr><tr><td><div class="stacktrace">java.lang.AssertionError: Ad Call :iu=%2F7646%2Fapp_android_us%2Fdb_display%2Fdetails%2Fhourly3 not found in charles session, hence Custom Parameter: amzn_b validation failed
	at org.testng.Assert.fail(Assert.java:94)
	at twc.Regression.General.Functions.validate_aax_bid_value_with_gampad_bid_value(Functions.java:5531)
	at twc.Regression.TestCases.regressionTestCases.Verify_Hourly3_Details_ad_call_amazon_bid_id(regressionTestCases.java:417)
	at sun.reflect.NativeMethodAccessorImpl.invoke0(Native Method)
	at sun.reflect.NativeMethodAccessorImpl.invoke(NativeMethodAccessorImpl.java:62)
	at sun.reflect.DelegatingMethodAccessorImpl.invoke(DelegatingMethodAccessorImpl.java:43)
	at java.lang.reflect.Method.invoke(Method.java:498)
	at org.testng.internal.MethodInvocationHelper.invokeMethod(MethodInvocationHelper.java:85)
	at org.testng.internal.Invoker.invokeMethod(Invoker.java:659)
	at org.testng.internal.Invoker.invokeTestMethod(Invoker.java:845)
	at org.testng.internal.Invoker.invokeTestMethods(Invoker.java:1153)
	at org.testng.internal.TestMethodWorker.invokeTestMethods(TestMethodWorker.java:125)
	at org.testng.internal.TestMethodWorker.run(TestMethodWorker.java:108)
	at org.testng.TestRunner.privateRun(TestRunner.java:771)
	at org.testng.TestRunner.run(TestRunner.java:621)
	at org.testng.SuiteRunner.runTest(SuiteRunner.java:357)
	at org.testng.SuiteRunner.runSequentially(SuiteRunner.java:352)
	at org.testng.SuiteRunner.privateRun(SuiteRunner.java:310)
	at org.testng.SuiteRunner.run(SuiteRunner.java:259)
	at org.testng.SuiteRunnerWorker.runSuite(SuiteRunnerWorker.java:52)
	at org.testng.SuiteRunnerWorker.run(SuiteRunnerWorker.java:86)
	at org.testng.TestNG.runSuitesSequentially(TestNG.java:1199)
	at org.testng.TestNG.runSuitesLocally(TestNG.java:1124)
	at org.testng.TestNG.run(TestNG.java:1032)
	at org.testng.remote.AbstractRemoteTestNG.run(AbstractRemoteTestNG.java:115)
	at org.testng.remote.RemoteTestNG.initAndRun(RemoteTestNG.java:251)
	at org.testng.remote.RemoteTestNG.main(RemoteTestNG.java:77)
</div></td></tr></table><p class="totop"><a href="#summary">back to summary</a></p><h3 id="m10">twc.Regression.TestCases.regressionTestCases#Verify_Today_Details_ad_call_amazon_bid_id</h3><table class="result"><tr><th>Exception</th></tr><tr><td><div class="stacktrace">java.lang.AssertionError: Ad Call :iu=%2F7646%2Fapp_android_us%2Fdb_display%2Fdetails%2Ftoday not contains the Custom Parameter: amzn_b, hence Custom Parameter: amzn_b validation failed
	at org.testng.Assert.fail(Assert.java:94)
	at twc.Regression.General.Functions.validate_aax_bid_value_with_gampad_bid_value(Functions.java:5538)
	at twc.Regression.TestCases.regressionTestCases.Verify_Today_Details_ad_call_amazon_bid_id(regressionTestCases.java:338)
	at sun.reflect.NativeMethodAccessorImpl.invoke0(Native Method)
	at sun.reflect.NativeMethodAccessorImpl.invoke(NativeMethodAccessorImpl.java:62)
	at sun.reflect.DelegatingMethodAccessorImpl.invoke(DelegatingMethodAccessorImpl.java:43)
	at java.lang.reflect.Method.invoke(Method.java:498)
	at org.testng.internal.MethodInvocationHelper.invokeMethod(MethodInvocationHelper.java:85)
	at org.testng.internal.Invoker.invokeMethod(Invoker.java:659)
	at org.testng.internal.Invoker.invokeTestMethod(Invoker.java:845)
	at org.testng.internal.Invoker.invokeTestMethods(Invoker.java:1153)
	at org.testng.internal.TestMethodWorker.invokeTestMethods(TestMethodWorker.java:125)
	at org.testng.internal.TestMethodWorker.run(TestMethodWorker.java:108)
	at org.testng.TestRunner.privateRun(TestRunner.java:771)
	at org.testng.TestRunner.run(TestRunner.java:621)
	at org.testng.SuiteRunner.runTest(SuiteRunner.java:357)
	at org.testng.SuiteRunner.runSequentially(SuiteRunner.java:352)
	at org.testng.SuiteRunner.privateRun(SuiteRunner.java:310)
	at org.testng.SuiteRunner.run(SuiteRunner.java:259)
	at org.testng.SuiteRunnerWorker.runSuite(SuiteRunnerWorker.java:52)
	at org.testng.SuiteRunnerWorker.run(SuiteRunnerWorker.java:86)
	at org.testng.TestNG.runSuitesSequentially(TestNG.java:1199)
	at org.testng.TestNG.runSuitesLocally(TestNG.java:1124)
	at org.testng.TestNG.run(TestNG.java:1032)
	at org.testng.remote.AbstractRemoteTestNG.run(AbstractRemoteTestNG.java:115)
	at org.testng.remote.RemoteTestNG.initAndRun(RemoteTestNG.java:251)
	at org.testng.remote.RemoteTestNG.main(RemoteTestNG.java:77)
</div></td></tr></table><p class="totop"><a href="#summary">back to summary</a></p><h3 id="m11">twc.Regression.TestCases.regressionTestCases#Verify_amazon_aax_SeasonalHub_details_adcall</h3><table class="result"><tr><th>Exception</th></tr><tr><td><div class="stacktrace">java.lang.AssertionError: Ad Call :iu=%2F7646%2Fapp_android_us%2Fdb_display%2Fdetails%2Fseason not contains the Custom Parameter: amzn_b, hence Custom Parameter: amzn_b validation failed
	at org.testng.Assert.fail(Assert.java:94)
	at twc.Regression.General.Functions.validate_aax_bid_value_with_gampad_bid_value(Functions.java:5538)
	at twc.Regression.TestCases.regressionTestCases.Verify_amazon_aax_SeasonalHub_details_adcall(regressionTestCases.java:383)
	at sun.reflect.NativeMethodAccessorImpl.invoke0(Native Method)
	at sun.reflect.NativeMethodAccessorImpl.invoke(NativeMethodAccessorImpl.java:62)
	at sun.reflect.DelegatingMethodAccessorImpl.invoke(DelegatingMethodAccessorImpl.java:43)
	at java.lang.reflect.Method.invoke(Method.java:498)
	at org.testng.internal.MethodInvocationHelper.invokeMethod(MethodInvocationHelper.java:85)
	at org.testng.internal.Invoker.invokeMethod(Invoker.java:659)
	at org.testng.internal.Invoker.invokeTestMethod(Invoker.java:845)
	at org.testng.internal.Invoker.invokeTestMethods(Invoker.java:1153)
	at org.testng.internal.TestMethodWorker.invokeTestMethods(TestMethodWorker.java:125)
	at org.testng.internal.TestMethodWorker.run(TestMethodWorker.java:108)
	at org.testng.TestRunner.privateRun(TestRunner.java:771)
	at org.testng.TestRunner.run(TestRunner.java:621)
	at org.testng.SuiteRunner.runTest(SuiteRunner.java:357)
	at org.testng.SuiteRunner.runSequentially(SuiteRunner.java:352)
	at org.testng.SuiteRunner.privateRun(SuiteRunner.java:310)
	at org.testng.SuiteRunner.run(SuiteRunner.java:259)
	at org.testng.SuiteRunnerWorker.runSuite(SuiteRunnerWorker.java:52)
	at org.testng.SuiteRunnerWorker.run(SuiteRunnerWorker.java:86)
	at org.testng.TestNG.runSuitesSequentially(TestNG.java:1199)
	at org.testng.TestNG.runSuitesLocally(TestNG.java:1124)
	at org.testng.TestNG.run(TestNG.java:1032)
	at org.testng.remote.AbstractRemoteTestNG.run(AbstractRemoteTestNG.java:115)
	at org.testng.remote.RemoteTestNG.initAndRun(RemoteTestNG.java:251)
	at org.testng.remote.RemoteTestNG.main(RemoteTestNG.java:77)
</div></td></tr></table><p class="totop"><a href="#summary">back to summary</a></p><h3 id="m12">twc.Regression.TestCases.regressionTestCases#Smoke_Test_Verify_amazon_SlotId_Running_Bigbanner_ad</h3><table class="result"></table><p class="totop"><a href="#summary">back to summary</a></p><h3 id="m13">twc.Regression.TestCases.regressionTestCases#Smoke_Test_amazon_aaxSlot_feed3_adcall</h3><table class="result"></table><p class="totop"><a href="#summary">back to summary</a></p><h3 id="m14">twc.Regression.TestCases.regressionTestCases#Smoke_Test_amazon_aax_Airquality_deatailcard</h3><table class="result"></table><p class="totop"><a href="#summary">back to summary</a></p><h3 id="m15">twc.Regression.TestCases.regressionTestCases#Smoke_Test_amazon_aax_Daily_details_Day1_adcall</h3><table class="result"></table><p class="totop"><a href="#summary">back to summary</a></p><h3 id="m16">twc.Regression.TestCases.regressionTestCases#Smoke_Test_amazon_aax_today_deatailcard</h3><table class="result"></table><p class="totop"><a href="#summary">back to summary</a></p><h3 id="m17">twc.Regression.TestCases.regressionTestCases#Validate_Amazon_SDK_adsdk_parameter</h3><table class="result"></table><p class="totop"><a href="#summary">back to summary</a></p><h3 id="m18">twc.Regression.TestCases.regressionTestCases#Verify_AlertCenter_ad_call_amazon_bid_id</h3><table class="result"></table><p class="totop"><a href="#summary">back to summary</a></p><h3 id="m19">twc.Regression.TestCases.regressionTestCases#Verify_Feed1_ad_call_amazon_bid_id</h3><table class="result"></table><p class="totop"><a href="#summary">back to summary</a></p><h3 id="m20">twc.Regression.TestCases.regressionTestCases#Verify_Feed2_ad_call_amazon_bid_id</h3><table class="result"></table><p class="totop"><a href="#summary">back to summary</a></p><h3 id="m21">twc.Regression.TestCases.regressionTestCases#Verify_Map_Details_ad_call_amazon_bid_id</h3><table class="result"></table><p class="totop"><a href="#summary">back to summary</a></p><h3 id="m22">twc.Regression.TestCases.regressionTestCases#Verify_amazon_SlotId_Boat_Beach_Bigbanner_ad</h3><table class="result"></table><p class="totop"><a href="#summary">back to summary</a></p><h3 id="m23">twc.Regression.TestCases.regressionTestCases#Verify_amazon_SlotId_outdoor_details</h3><table class="result"></table><p class="totop"><a href="#summary">back to summary</a></p><h3 id="m24">twc.Regression.TestCases.regressionTestCases#Verify_amazon_aaxSlot_feed1_adCall</h3><table class="result"></table><p class="totop"><a href="#summary">back to summary</a></p><h3 id="m25">twc.Regression.TestCases.regressionTestCases#Verify_amazon_aaxSlot_feed2_adcall</h3><table class="result"></table><p class="totop"><a href="#summary">back to summary</a></p><h3 id="m26">twc.Regression.TestCases.regressionTestCases#Verify_amazon_aaxSlot_feed4_adcall</h3><table class="result"></table><p class="totop"><a href="#summary">back to summary</a></p><h3 id="m27">twc.Regression.TestCases.regressionTestCases#Verify_amazon_aaxSlot_feed5_adcall</h3><table class="result"></table><p class="totop"><a href="#summary">back to summary</a></p><h3 id="m28">twc.Regression.TestCases.regressionTestCases#Verify_amazon_aax_mapsdetails_adcall</h3><table class="result"></table><p class="totop"><a href="#summary">back to summary</a></p><h3 id="m29">twc.Regression.TestCases.regressionTestCases#Verify_amazon_aax_preload_Hourly1_details_adcall</h3><table class="result"></table><p class="totop"><a href="#summary">back to summary</a></p><h3 id="m30">twc.Regression.TestCases.regressionTestCases#Verify_amazon_aax_preload_Hourly2_details_adcall</h3><table class="result"></table><p class="totop"><a href="#summary">back to summary</a></p><h3 id="m31">twc.Regression.TestCases.regressionTestCases#Verify_amazon_aax_preload_Hourly3_details_adcall</h3><table class="result"></table><p class="totop"><a href="#summary">back to summary</a></p><h3 id="m32">twc.Regression.TestCases.regressionTestCases#Verify_amazon_aax_preload_Hourly_details_adcall</h3><table class="result"></table><p class="totop"><a href="#summary">back to summary</a></p><h3 id="m33">twc.Regression.TestCases.regressionTestCases#Verifying_amazon_slotId_for_AlertsCenter</h3><table class="result"></table><p class="totop"><a href="#summary">back to summary</a></p></body></html>